<?xml version="1.0" encoding="UTF-8"?>
<!-- Generated by org.testng.reporters.JUnitXMLReporter -->
<testsuite ignored="10" hostname="mnews126" failures="0" tests="5" name="Surefire test" time="30.704" errors="0" timestamp="2024-04-14T19:13:22 EEST">
  <testcase classname="WebTesting.LoginTest" name="loginTest" time="3.521"/>
  <testcase classname="WebTesting.LogoutTest" name="logoutTest" time="3.508"/>
  <testcase classname="WebTesting.PostTests" name="testCreatePost" time="6.384"/>
  <testcase classname="WebTesting.ProfileInfoTest" name="testProfileInfo" time="3.207"/>
  <testcase classname="WebTesting.ProfilePictureTest" name="testProfilePicture" time="2.908"/>
  <testcase classname="WebTesting.TestObject" name="@AfterSuite deleteDownloadFiles" time="0.0">
    <ignored/>
  </testcase> <!-- @AfterSuite deleteDownloadFiles -->
  <testcase classname="WebTesting.TestObject" name="@BeforeSuite setupTestSuite" time="0.0">
    <ignored/>
  </testcase> <!-- @BeforeSuite setupTestSuite -->
  <testcase classname="WebTesting.TestObject" name="@AfterSuite deleteDownloadFiles" time="0.0">
    <ignored/>
  </testcase> <!-- @AfterSuite deleteDownloadFiles -->
  <testcase classname="WebTesting.TestObject" name="@BeforeSuite setupTestSuite" time="0.0">
    <ignored/>
  </testcase> <!-- @BeforeSuite setupTestSuite -->
  <testcase classname="WebTesting.TestObject" name="@AfterSuite deleteDownloadFiles" time="0.0">
    <ignored/>
  </testcase> <!-- @AfterSuite deleteDownloadFiles -->
  <testcase classname="WebTesting.TestObject" name="@AfterSuite deleteDownloadFiles" time="0.0">
    <ignored/>
  </testcase> <!-- @AfterSuite deleteDownloadFiles -->
  <testcase classname="WebTesting.TestObject" name="@BeforeSuite setupTestSuite" time="0.0">
    <ignored/>
  </testcase> <!-- @BeforeSuite setupTestSuite -->
  <testcase classname="WebTesting.TestObject" name="@BeforeSuite setupTestSuite" time="0.0">
    <ignored/>
  </testcase> <!-- @BeforeSuite setupTestSuite -->
  <testcase classname="WebTesting.TestObject" name="@BeforeSuite setupTestSuite" time="0.0">
    <ignored/>
  </testcase> <!-- @BeforeSuite setupTestSuite -->
  <testcase classname="WebTesting.TestObject" name="@AfterSuite deleteDownloadFiles" time="0.0">
    <ignored/>
  </testcase> <!-- @AfterSuite deleteDownloadFiles -->
</testsuite> <!-- Surefire test -->
