<?xml version="1.0" encoding="UTF-8"?>
<testng-results ignored="10" total="15" passed="5" failed="0" skipped="0">
  <reporter-output>
  </reporter-output>
  <suite started-at="2024-04-14T19:12:51 EEST" name="Surefire suite" finished-at="2024-04-14T19:13:22 EEST" duration-ms="30704">
    <groups>
    </groups>
    <test started-at="2024-04-14T19:12:51 EEST" name="Surefire test" finished-at="2024-04-14T19:13:22 EEST" duration-ms="30704">
      <class name="WebTesting.ProfilePictureTest">
        <test-method is-config="true" signature="setUpTest()[pri:0, instance:WebTesting.ProfilePictureTest@635eaaf1]" started-at="2024-04-14T19:13:16 EEST" name="setUpTest" finished-at="2024-04-14T19:13:17 EEST" duration-ms="802" status="PASS">
          <reporter-output>
          </reporter-output>
        </test-method> <!-- setUpTest -->
        <test-method signature="testProfilePicture(java.lang.String,java.lang.String,java.lang.String,java.io.File)[pri:0, instance:WebTesting.ProfilePictureTest@635eaaf1]" started-at="2024-04-14T19:13:17 EEST" name="testProfilePicture" data-provider="getUser" finished-at="2024-04-14T19:13:20 EEST" duration-ms="2908" status="PASS">
          <params>
            <param index="0">
              <value>
                <![CDATA[Vasil2]]>
              </value>
            </param>
            <param index="1">
              <value>
                <![CDATA[Proba71]]>
              </value>
            </param>
            <param index="2">
              <value>
                <![CDATA[5469]]>
              </value>
            </param>
            <param index="3">
              <value>
                <![CDATA[src\test\resources\upload\testProfilePicture.jpg]]>
              </value>
            </param>
          </params>
          <reporter-output>
          </reporter-output>
        </test-method> <!-- testProfilePicture -->
        <test-method is-config="true" signature="tearDownTest(org.testng.ITestResult)[pri:0, instance:WebTesting.ProfilePictureTest@635eaaf1]" started-at="2024-04-14T19:13:20 EEST" name="tearDownTest" finished-at="2024-04-14T19:13:22 EEST" duration-ms="1734" status="PASS">
          <params>
            <param index="0">
              <value>
                <![CDATA[[TestResult name=testProfilePicture status=SUCCESS method=ProfilePictureTest.testProfilePicture(java.lang.String,java.lang.String,java.lang.String,java.io.File)[pri:0, instance:WebTesting.ProfilePictureTest@635eaaf1] output={null}]]]>
              </value>
            </param>
          </params>
          <reporter-output>
          </reporter-output>
        </test-method> <!-- tearDownTest -->
      </class> <!-- WebTesting.ProfilePictureTest -->
      <class name="WebTesting.LoginTest">
        <test-method is-config="true" signature="setupTestSuite()[pri:0, instance:WebTesting.LoginTest@6a400542]" started-at="2024-04-14T19:12:51 EEST" name="setupTestSuite" finished-at="2024-04-14T19:12:51 EEST" duration-ms="256" status="PASS">
          <reporter-output>
          </reporter-output>
        </test-method> <!-- setupTestSuite -->
        <test-method is-config="true" signature="setUpTest()[pri:0, instance:WebTesting.LoginTest@6a400542]" started-at="2024-04-14T19:12:51 EEST" name="setUpTest" finished-at="2024-04-14T19:12:52 EEST" duration-ms="1098" status="PASS">
          <reporter-output>
          </reporter-output>
        </test-method> <!-- setUpTest -->
        <test-method signature="loginTest(java.lang.String,java.lang.String,java.lang.String)[pri:0, instance:WebTesting.LoginTest@6a400542]" started-at="2024-04-14T19:12:52 EEST" name="loginTest" data-provider="getUser" finished-at="2024-04-14T19:12:55 EEST" duration-ms="3521" status="PASS">
          <params>
            <param index="0">
              <value>
                <![CDATA[Vasil2]]>
              </value>
            </param>
            <param index="1">
              <value>
                <![CDATA[Proba71]]>
              </value>
            </param>
            <param index="2">
              <value>
                <![CDATA[5469]]>
              </value>
            </param>
          </params>
          <reporter-output>
          </reporter-output>
        </test-method> <!-- loginTest -->
        <test-method is-config="true" signature="tearDownTest(org.testng.ITestResult)[pri:0, instance:WebTesting.LoginTest@6a400542]" started-at="2024-04-14T19:12:55 EEST" name="tearDownTest" finished-at="2024-04-14T19:12:57 EEST" duration-ms="1299" status="PASS">
          <params>
            <param index="0">
              <value>
                <![CDATA[[TestResult name=loginTest status=SUCCESS method=LoginTest.loginTest(java.lang.String,java.lang.String,java.lang.String)[pri:0, instance:WebTesting.LoginTest@6a400542] output={null}]]]>
              </value>
            </param>
          </params>
          <reporter-output>
          </reporter-output>
        </test-method> <!-- tearDownTest -->
        <test-method is-config="true" signature="deleteDownloadFiles()[pri:0, instance:WebTesting.LoginTest@6a400542]" started-at="2024-04-14T19:13:22 EEST" name="deleteDownloadFiles" finished-at="2024-04-14T19:13:22 EEST" duration-ms="0" status="PASS">
          <reporter-output>
          </reporter-output>
        </test-method> <!-- deleteDownloadFiles -->
      </class> <!-- WebTesting.LoginTest -->
      <class name="WebTesting.ProfileInfoTest">
        <test-method is-config="true" signature="setUpTest()[pri:0, instance:WebTesting.ProfileInfoTest@31d7b7bf]" started-at="2024-04-14T19:13:11 EEST" name="setUpTest" finished-at="2024-04-14T19:13:12 EEST" duration-ms="806" status="PASS">
          <reporter-output>
          </reporter-output>
        </test-method> <!-- setUpTest -->
        <test-method signature="testProfileInfo(java.lang.String,java.lang.String,java.lang.String)[pri:0, instance:WebTesting.ProfileInfoTest@31d7b7bf]" started-at="2024-04-14T19:13:12 EEST" name="testProfileInfo" data-provider="getUser" finished-at="2024-04-14T19:13:15 EEST" duration-ms="3207" status="PASS">
          <params>
            <param index="0">
              <value>
                <![CDATA[Vasil2]]>
              </value>
            </param>
            <param index="1">
              <value>
                <![CDATA[Proba71]]>
              </value>
            </param>
            <param index="2">
              <value>
                <![CDATA[5469]]>
              </value>
            </param>
          </params>
          <reporter-output>
          </reporter-output>
        </test-method> <!-- testProfileInfo -->
        <test-method is-config="true" signature="tearDownTest(org.testng.ITestResult)[pri:0, instance:WebTesting.ProfileInfoTest@31d7b7bf]" started-at="2024-04-14T19:13:15 EEST" name="tearDownTest" finished-at="2024-04-14T19:13:16 EEST" duration-ms="1247" status="PASS">
          <params>
            <param index="0">
              <value>
                <![CDATA[[TestResult name=testProfileInfo status=SUCCESS method=ProfileInfoTest.testProfileInfo(java.lang.String,java.lang.String,java.lang.String)[pri:0, instance:WebTesting.ProfileInfoTest@31d7b7bf] output={null}]]]>
              </value>
            </param>
          </params>
          <reporter-output>
          </reporter-output>
        </test-method> <!-- tearDownTest -->
      </class> <!-- WebTesting.ProfileInfoTest -->
      <class name="WebTesting.PostTests">
        <test-method is-config="true" signature="setUpTest()[pri:0, instance:WebTesting.PostTests@30ee2816]" started-at="2024-04-14T19:13:02 EEST" name="setUpTest" finished-at="2024-04-14T19:13:03 EEST" duration-ms="822" status="PASS">
          <reporter-output>
          </reporter-output>
        </test-method> <!-- setUpTest -->
        <test-method signature="testCreatePost(java.lang.String,java.lang.String,java.lang.String,java.io.File,java.lang.String)[pri:0, instance:WebTesting.PostTests@30ee2816]" started-at="2024-04-14T19:13:03 EEST" name="testCreatePost" data-provider="getUser" finished-at="2024-04-14T19:13:10 EEST" duration-ms="6384" status="PASS">
          <params>
            <param index="0">
              <value>
                <![CDATA[Vasil2]]>
              </value>
            </param>
            <param index="1">
              <value>
                <![CDATA[Proba71]]>
              </value>
            </param>
            <param index="2">
              <value>
                <![CDATA[5469]]>
              </value>
            </param>
            <param index="3">
              <value>
                <![CDATA[src\test\resources\upload\testUpload.jpg]]>
              </value>
            </param>
            <param index="4">
              <value>
                <![CDATA[Testing upload file]]>
              </value>
            </param>
          </params>
          <reporter-output>
          </reporter-output>
        </test-method> <!-- testCreatePost -->
        <test-method is-config="true" signature="tearDownTest(org.testng.ITestResult)[pri:0, instance:WebTesting.PostTests@30ee2816]" started-at="2024-04-14T19:13:10 EEST" name="tearDownTest" finished-at="2024-04-14T19:13:11 EEST" duration-ms="1261" status="PASS">
          <params>
            <param index="0">
              <value>
                <![CDATA[[TestResult name=testCreatePost status=SUCCESS method=PostTests.testCreatePost(java.lang.String,java.lang.String,java.lang.String,java.io.File,java.lang.String)[pri:0, instance:WebTesting.PostTests@30ee2816] output={null}]]]>
              </value>
            </param>
          </params>
          <reporter-output>
          </reporter-output>
        </test-method> <!-- tearDownTest -->
      </class> <!-- WebTesting.PostTests -->
      <class name="WebTesting.LogoutTest">
        <test-method is-config="true" signature="setUpTest()[pri:0, instance:WebTesting.LogoutTest@c267ef4]" started-at="2024-04-14T19:12:57 EEST" name="setUpTest" finished-at="2024-04-14T19:12:58 EEST" duration-ms="819" status="PASS">
          <reporter-output>
          </reporter-output>
        </test-method> <!-- setUpTest -->
        <test-method signature="logoutTest(java.lang.String,java.lang.String,java.lang.String)[pri:0, instance:WebTesting.LogoutTest@c267ef4]" started-at="2024-04-14T19:12:58 EEST" name="logoutTest" data-provider="getUser" finished-at="2024-04-14T19:13:01 EEST" duration-ms="3508" status="PASS">
          <params>
            <param index="0">
              <value>
                <![CDATA[Vasil2]]>
              </value>
            </param>
            <param index="1">
              <value>
                <![CDATA[Proba71]]>
              </value>
            </param>
            <param index="2">
              <value>
                <![CDATA[5469]]>
              </value>
            </param>
          </params>
          <reporter-output>
          </reporter-output>
        </test-method> <!-- logoutTest -->
        <test-method is-config="true" signature="tearDownTest(org.testng.ITestResult)[pri:0, instance:WebTesting.LogoutTest@c267ef4]" started-at="2024-04-14T19:13:01 EEST" name="tearDownTest" finished-at="2024-04-14T19:13:02 EEST" duration-ms="1257" status="PASS">
          <params>
            <param index="0">
              <value>
                <![CDATA[[TestResult name=logoutTest status=SUCCESS method=LogoutTest.logoutTest(java.lang.String,java.lang.String,java.lang.String)[pri:0, instance:WebTesting.LogoutTest@c267ef4] output={null}]]]>
              </value>
            </param>
          </params>
          <reporter-output>
          </reporter-output>
        </test-method> <!-- tearDownTest -->
      </class> <!-- WebTesting.LogoutTest -->
    </test> <!-- Surefire test -->
  </suite> <!-- Surefire suite -->
</testng-results>
